24-10-09.17:44:13.023 [main            ] INFO  NacosLogging           - Nacos Logging Adapter Builder: com.alibaba.nacos.logger.adapter.logback12.LogbackNacosLoggingAdapterBuilder
24-10-09.17:44:13.027 [main            ] INFO  NacosLogging           - Nacos Logging Adapter: com.alibaba.nacos.logger.adapter.logback12.LogbackNacosLoggingAdapter match ch.qos.logback.classic.Logger success.
24-10-09.17:44:13.035 [main            ] INFO  NacosLogging           - Nacos Logging Adapter Builder: com.alibaba.nacos.logger.adapter.logback14.LogbackNacosLoggingAdapterBuilder
24-10-09.17:44:13.036 [main            ] INFO  NacosLogging           - Nacos Logging Adapter Builder: com.alibaba.nacos.logger.adapter.log4j2.Log4j2NacosLoggingAdapterBuilder
24-10-09.17:44:13.348 [main            ] INFO  ClientAuthPluginManager - [ClientAuthPluginManager] Load ClientAuthService com.alibaba.nacos.client.auth.impl.NacosClientAuthServiceImpl success.
24-10-09.17:44:13.348 [main            ] INFO  ClientAuthPluginManager - [ClientAuthPluginManager] Load ClientAuthService com.alibaba.nacos.client.auth.ram.RamClientAuthServiceImpl success.
24-10-09.17:44:15.106 [main            ] INFO  AbstractAbilityControlManager - Ready to get current node abilities...
24-10-09.17:44:15.107 [main            ] INFO  AbstractAbilityControlManager - Ready to initialize current node abilities, support modes: [SDK_CLIENT]
24-10-09.17:44:15.108 [main            ] INFO  AbstractAbilityControlManager - Initialize current abilities finish...
24-10-09.17:44:15.109 [main            ] INFO  NacosAbilityManagerHolder - [AbilityControlManager] Successfully initialize AbilityControlManager
24-10-09.17:44:15.231 [main            ] WARN  NacosPropertySourceBuilder - Ignore the empty nacos configuration and get it based on dataId[dynamic-thread-pool-admin] & group[DEFAULT_GROUP]
24-10-09.17:44:15.253 [main            ] WARN  NacosPropertySourceBuilder - Ignore the empty nacos configuration and get it based on dataId[dynamic-thread-pool-admin.yml] & group[DEFAULT_GROUP]
24-10-09.17:44:15.281 [main            ] INFO  PropertySourceBootstrapConfiguration - Located property source: [BootstrapPropertySource {name='bootstrapProperties-dynamic-thread-pool-admin-dev.yml,DEFAULT_GROUP'}, BootstrapPropertySource {name='bootstrapProperties-dynamic-thread-pool-admin.yml,DEFAULT_GROUP'}, BootstrapPropertySource {name='bootstrapProperties-dynamic-thread-pool-admin,DEFAULT_GROUP'}, BootstrapPropertySource {name='bootstrapProperties-redis.yml,DEFAULT_GROUP'}]
24-10-09.17:44:15.311 [main            ] INFO  DynamicThreadPoolAdminApplication - The following 1 profile is active: "dev"
24-10-09.17:44:15.837 [main            ] INFO  RepositoryConfigurationDelegate - Multiple Spring Data modules found, entering strict repository configuration mode
24-10-09.17:44:15.838 [main            ] INFO  RepositoryConfigurationDelegate - Bootstrapping Spring Data Redis repositories in DEFAULT mode.
24-10-09.17:44:15.872 [main            ] INFO  RepositoryConfigurationDelegate - Finished Spring Data repository scanning in 6 ms. Found 0 Redis repository interfaces.
24-10-09.17:44:15.988 [main            ] INFO  GenericScope           - BeanFactory id=7a2a23f1-38af-3263-89cc-4157756275c8
24-10-09.17:44:16.221 [main            ] INFO  TomcatWebServer        - Tomcat initialized with port(s): 8089 (http)
24-10-09.17:44:16.229 [main            ] INFO  Http11NioProtocol      - Initializing ProtocolHandler ["http-nio-8089"]
24-10-09.17:44:16.229 [main            ] INFO  StandardService        - Starting service [Tomcat]
24-10-09.17:44:16.229 [main            ] INFO  StandardEngine         - Starting Servlet engine: [Apache Tomcat/9.0.75]
24-10-09.17:44:16.314 [main            ] INFO  [/]                    - Initializing Spring embedded WebApplicationContext
24-10-09.17:44:16.314 [main            ] INFO  ServletWebServerApplicationContext - Root WebApplicationContext: initialization completed in 991 ms
24-10-09.17:44:16.593 [main            ] INFO  Version                - Redisson 3.26.0
24-10-09.17:44:16.970 [redisson-netty-1-6] INFO  ConnectionsHolder      - 1 connections initialized for 116.205.112.70/116.205.112.70:6379
24-10-09.17:44:17.107 [redisson-netty-1-13] INFO  ConnectionsHolder      - 5 connections initialized for 116.205.112.70/116.205.112.70:6379
24-10-09.17:44:17.134 [main            ] INFO  RedissonClientConfig   - 动态线程池，注册器（redis）链接初始化完成。116.205.112.70 10 true
24-10-09.17:44:17.143 [main            ] INFO  ClientAuthPluginManager - [ClientAuthPluginManager] Load ClientAuthService com.alibaba.nacos.client.auth.impl.NacosClientAuthServiceImpl success.
24-10-09.17:44:17.143 [main            ] INFO  ClientAuthPluginManager - [ClientAuthPluginManager] Load ClientAuthService com.alibaba.nacos.client.auth.ram.RamClientAuthServiceImpl success.
24-10-09.17:44:18.249 [main            ] INFO  EndpointLinksResolver  - Exposing 1 endpoint(s) beneath base path '/actuator'
24-10-09.17:44:18.285 [main            ] INFO  Http11NioProtocol      - Starting ProtocolHandler ["http-nio-8089"]
24-10-09.17:44:18.296 [main            ] INFO  TomcatWebServer        - Tomcat started on port(s): 8089 (http) with context path ''
24-10-09.17:44:18.681 [main            ] INFO  DynamicThreadPoolAdminApplication - Started DynamicThreadPoolAdminApplication in 6.423 seconds (JVM running for 7.178)
24-10-09.17:44:18.697 [main            ] INFO  NacosContextRefresher  - [Nacos Config] Listening config: dataId=dynamic-thread-pool-admin-dev.yml, group=DEFAULT_GROUP
24-10-09.17:44:18.698 [main            ] INFO  NacosContextRefresher  - [Nacos Config] Listening config: dataId=dynamic-thread-pool-admin.yml, group=DEFAULT_GROUP
24-10-09.17:44:18.698 [main            ] INFO  NacosContextRefresher  - [Nacos Config] Listening config: dataId=dynamic-thread-pool-admin, group=DEFAULT_GROUP
24-10-09.17:44:18.699 [main            ] INFO  NacosContextRefresher  - [Nacos Config] Listening config: dataId=redis.yml, group=DEFAULT_GROUP
24-10-09.17:44:19.197 [RMI TCP Connection(3)-192.168.56.1] INFO  [/]                    - Initializing Spring DispatcherServlet 'dispatcherServlet'
24-10-09.17:44:19.197 [RMI TCP Connection(3)-192.168.56.1] INFO  DispatcherServlet      - Initializing Servlet 'dispatcherServlet'
24-10-09.17:44:19.199 [RMI TCP Connection(3)-192.168.56.1] INFO  DispatcherServlet      - Completed initialization in 2 ms
24-10-09.22:02:53.918 [main            ] INFO  SearchableProperties   - properties search order:PROPERTIES->JVM->ENV->DEFAULT_SETTING
24-10-09.22:02:54.174 [main            ] INFO  ClientAuthPluginManager - [ClientAuthPluginManager] Load ClientAuthService com.alibaba.nacos.client.auth.impl.NacosClientAuthServiceImpl success.
24-10-09.22:02:54.175 [main            ] INFO  ClientAuthPluginManager - [ClientAuthPluginManager] Load ClientAuthService com.alibaba.nacos.client.auth.ram.RamClientAuthServiceImpl success.
24-10-09.22:02:55.998 [main            ] WARN  NacosPropertySourceBuilder - Ignore the empty nacos configuration and get it based on dataId[dynamic-thread-pool-admin] & group[DEFAULT_GROUP]
24-10-09.22:02:56.026 [main            ] WARN  NacosPropertySourceBuilder - Ignore the empty nacos configuration and get it based on dataId[dynamic-thread-pool-admin.yml] & group[DEFAULT_GROUP]
24-10-09.22:02:56.059 [main            ] INFO  PropertySourceBootstrapConfiguration - Located property source: [BootstrapPropertySource {name='bootstrapProperties-dynamic-thread-pool-admin-dev.yml,DEFAULT_GROUP'}, BootstrapPropertySource {name='bootstrapProperties-dynamic-thread-pool-admin.yml,DEFAULT_GROUP'}, BootstrapPropertySource {name='bootstrapProperties-dynamic-thread-pool-admin,DEFAULT_GROUP'}, BootstrapPropertySource {name='bootstrapProperties-redis.yml,DEFAULT_GROUP'}]
24-10-09.22:02:56.091 [main            ] INFO  DynamicThreadPoolAdminApplication - The following 1 profile is active: "dev"
24-10-09.22:02:56.521 [main            ] INFO  RepositoryConfigurationDelegate - Multiple Spring Data modules found, entering strict repository configuration mode
24-10-09.22:02:56.523 [main            ] INFO  RepositoryConfigurationDelegate - Bootstrapping Spring Data Redis repositories in DEFAULT mode.
24-10-09.22:02:56.537 [main            ] INFO  RepositoryConfigurationDelegate - Finished Spring Data repository scanning in 5 ms. Found 0 Redis repository interfaces.
24-10-09.22:02:56.647 [main            ] INFO  GenericScope           - BeanFactory id=7a2a23f1-38af-3263-89cc-4157756275c8
24-10-09.22:02:56.848 [main            ] INFO  TomcatWebServer        - Tomcat initialized with port(s): 8089 (http)
24-10-09.22:02:56.856 [main            ] INFO  Http11NioProtocol      - Initializing ProtocolHandler ["http-nio-8089"]
24-10-09.22:02:56.856 [main            ] INFO  StandardService        - Starting service [Tomcat]
24-10-09.22:02:56.856 [main            ] INFO  StandardEngine         - Starting Servlet engine: [Apache Tomcat/9.0.75]
24-10-09.22:02:56.939 [main            ] INFO  [/]                    - Initializing Spring embedded WebApplicationContext
24-10-09.22:02:56.939 [main            ] INFO  ServletWebServerApplicationContext - Root WebApplicationContext: initialization completed in 838 ms
24-10-09.22:02:57.189 [main            ] INFO  Version                - Redisson 3.26.0
24-10-09.22:02:57.597 [redisson-netty-1-6] INFO  ConnectionsHolder      - 1 connections initialized for 116.205.112.70/116.205.112.70:6379
24-10-09.22:02:57.854 [redisson-netty-1-13] INFO  ConnectionsHolder      - 5 connections initialized for 116.205.112.70/116.205.112.70:6379
24-10-09.22:02:57.876 [main            ] INFO  RedissonClientConfig   - 动态线程池，注册器（redis）链接初始化完成。116.205.112.70 10 true
24-10-09.22:02:57.887 [main            ] INFO  ClientAuthPluginManager - [ClientAuthPluginManager] Load ClientAuthService com.alibaba.nacos.client.auth.impl.NacosClientAuthServiceImpl success.
24-10-09.22:02:57.887 [main            ] INFO  ClientAuthPluginManager - [ClientAuthPluginManager] Load ClientAuthService com.alibaba.nacos.client.auth.ram.RamClientAuthServiceImpl success.
24-10-09.22:02:58.902 [main            ] INFO  EndpointLinksResolver  - Exposing 1 endpoint(s) beneath base path '/actuator'
24-10-09.22:02:58.945 [main            ] INFO  Http11NioProtocol      - Starting ProtocolHandler ["http-nio-8089"]
24-10-09.22:02:58.955 [main            ] INFO  TomcatWebServer        - Tomcat started on port(s): 8089 (http) with context path ''
24-10-09.22:02:59.312 [main            ] INFO  DynamicThreadPoolAdminApplication - Started DynamicThreadPoolAdminApplication in 6.161 seconds (JVM running for 6.767)
24-10-09.22:02:59.325 [main            ] INFO  NacosContextRefresher  - [Nacos Config] Listening config: dataId=dynamic-thread-pool-admin-dev.yml, group=DEFAULT_GROUP
24-10-09.22:02:59.325 [main            ] INFO  NacosContextRefresher  - [Nacos Config] Listening config: dataId=dynamic-thread-pool-admin.yml, group=DEFAULT_GROUP
24-10-09.22:02:59.325 [main            ] INFO  NacosContextRefresher  - [Nacos Config] Listening config: dataId=dynamic-thread-pool-admin, group=DEFAULT_GROUP
24-10-09.22:02:59.326 [main            ] INFO  NacosContextRefresher  - [Nacos Config] Listening config: dataId=redis.yml, group=DEFAULT_GROUP
24-10-09.22:02:59.632 [RMI TCP Connection(2)-192.168.56.1] INFO  [/]                    - Initializing Spring DispatcherServlet 'dispatcherServlet'
24-10-09.22:02:59.632 [RMI TCP Connection(2)-192.168.56.1] INFO  DispatcherServlet      - Initializing Servlet 'dispatcherServlet'
24-10-09.22:02:59.634 [RMI TCP Connection(2)-192.168.56.1] INFO  DispatcherServlet      - Completed initialization in 2 ms
24-10-09.22:03:35.829 [http-nio-8089-exec-8] INFO  RedisRegister          - 修改线程池配置成功,线程池配置：{"activeCount":0,"appName":"dynamic-thread-pool","corePoolSize":2,"maximumPoolSize":20,"poolSize":0,"queueSize":0,"remainingCapacity":0,"threadPoolName":"threadPollExecutorOne"}
24-10-09.22:04:14.419 [http-nio-8089-exec-9] INFO  RedisRegister          - 修改线程池配置成功,线程池配置：{"activeCount":0,"appName":"dynamic-thread-pool","corePoolSize":123,"maximumPoolSize":20,"poolSize":0,"queueSize":0,"remainingCapacity":0,"threadPoolName":"threadPollExecutorOne"}
24-10-09.22:04:26.029 [http-nio-8089-exec-2] INFO  RedisRegister          - 修改线程池配置成功,线程池配置：{"activeCount":0,"appName":"dynamic-thread-pool","corePoolSize":12,"maximumPoolSize":20,"poolSize":0,"queueSize":0,"remainingCapacity":0,"threadPoolName":"threadPollExecutorOne"}
24-10-09.22:04:38.069 [Thread-11       ] WARN  NotifyCenter           - [NotifyCenter] Start destroying Publisher
24-10-09.22:04:38.069 [Thread-11       ] WARN  NotifyCenter           - [NotifyCenter] Destruction of the end
24-10-09.22:04:38.074 [Thread-3        ] WARN  HttpClientBeanHolder   - [HttpClientBeanHolder] Start destroying common HttpClient
24-10-09.22:04:38.074 [Thread-3        ] WARN  HttpClientBeanHolder   - [HttpClientBeanHolder] Destruction of the end
